E:\workspace\tlsserver\tlsserver\x64\Debug\cl.command.1.tlog
E:\workspace\tlsserver\tlsserver\x64\Debug\CL.read.1.tlog
E:\workspace\tlsserver\tlsserver\x64\Debug\CL.write.1.tlog
E:\workspace\tlsserver\tlsserver\x64\Debug\link.10496.read.1.tlog
E:\workspace\tlsserver\tlsserver\x64\Debug\link.10496.write.1.tlog
E:\workspace\tlsserver\tlsserver\x64\Debug\link.10496-cvtres.read.1.tlog
E:\workspace\tlsserver\tlsserver\x64\Debug\link.10496-cvtres.write.1.tlog
E:\workspace\tlsserver\tlsserver\x64\Debug\link.6236.read.1.tlog
E:\workspace\tlsserver\tlsserver\x64\Debug\link.6236.write.1.tlog
E:\workspace\tlsserver\tlsserver\x64\Debug\link.6236-cvtres.read.1.tlog
E:\workspace\tlsserver\tlsserver\x64\Debug\link.6236-cvtres.write.1.tlog
E:\workspace\tlsserver\tlsserver\x64\Debug\link.command.1.tlog
E:\workspace\tlsserver\tlsserver\x64\Debug\link.read.1.tlog
E:\workspace\tlsserver\tlsserver\x64\Debug\link.write.1.tlog
E:\workspace\tlsserver\tlsserver\x64\Debug\link-cvtres.read.1.tlog
E:\workspace\tlsserver\tlsserver\x64\Debug\link-cvtres.write.1.tlog
E:\workspace\tlsserver\tlsserver\x64\Debug\mt.command.1.tlog
E:\workspace\tlsserver\tlsserver\x64\Debug\mt.read.1.tlog
E:\workspace\tlsserver\tlsserver\x64\Debug\mt.write.1.tlog
E:\WORKSPACE\TLSSERVER\TLSSERVER\X64\DEBUG\PCH.OBJ
E:\workspace\tlsserver\tlsserver\x64\Debug\rc.command.1.tlog
E:\workspace\tlsserver\tlsserver\x64\Debug\rc.read.1.tlog
E:\workspace\tlsserver\tlsserver\x64\Debug\rc.write.1.tlog
E:\WORKSPACE\TLSSERVER\TLSSERVER\X64\DEBUG\TLSSERVER.EXE.EMBED.MANIFEST
E:\WORKSPACE\TLSSERVER\TLSSERVER\X64\DEBUG\TLSSERVER.EXE.EMBED.MANIFEST.RES
E:\WORKSPACE\TLSSERVER\TLSSERVER\X64\DEBUG\TLSSERVER.EXE.INTERMEDIATE.MANIFEST
E:\WORKSPACE\TLSSERVER\TLSSERVER\X64\DEBUG\TLSSERVER.OBJ
E:\WORKSPACE\TLSSERVER\TLSSERVER\X64\DEBUG\TLSSERVER.PCH
E:\workspace\tlsserver\tlsserver\x64\Debug\tlsserver.write.1.tlog
E:\workspace\tlsserver\tlsserver\x64\Debug\tlsserver_manifest.rc
E:\workspace\tlsserver\tlsserver\x64\Debug\vc100.idb
E:\WORKSPACE\TLSSERVER\TLSSERVER\X64\DEBUG\VC100.PDB
E:\WORKSPACE\TLSSERVER\X64\DEBUG\TLSSERVER.EXE
E:\WORKSPACE\TLSSERVER\X64\DEBUG\TLSSERVER.ILK
E:\WORKSPACE\TLSSERVER\X64\DEBUG\TLSSERVER.PDB
